[ 2021-09-09T00:47:32+08:00 ] 220.181.51.122 /robots.txt
ERR: 无法加载控制器:Robots

[ 2021-09-09T02:23:35+08:00 ] 203.208.60.30 /robots.txt
ERR: 无法加载控制器:Robots

[ 2021-09-09T03:04:03+08:00 ] 54.36.148.50 /robots.txt
ERR: 无法加载控制器:Robots

[ 2021-09-09T05:35:33+08:00 ] 212.192.241.66 /wp-content/
ERR: 无法加载控制器:Wp-content

[ 2021-09-09T10:48:01+08:00 ] 84.247.48.53 /index.php/Feedback/add
ERR: 1406:Data too long for column 'content' at row 1
 [ SQL语句 ] : INSERT INTO `hbv5_feedback` (`content`,`username`,`mobile`,`cate_name`,`add_time`) VALUES ('Greetings 
 
I have just took a look on your SEO for  hxhv5.com for its SEO metrics and saw that your website could use a push. 
 
We will improve your SEO metrics and ranks organically and safely, using only whitehat methods, while providing monthly reports and outstanding support. 
 
Please check our plans here, we offer SEO at cheap rates. 
https://www.hilkom-digital.de/cheap-seo-packages/ 
 
Start increasing your sales and leads with us, today! 
 
regards 
Mike Cook
 
Hilkom Digital Team 
support@hilkom-digital.de','Mike Cook','85941579691','??','1631155681')
ERR: 1406:Data too long for column 'content' at row 1
 [ SQL语句 ] : INSERT INTO `hbv5_feedback` (`content`,`username`,`mobile`,`cate_name`,`add_time`) VALUES ('Greetings 
 
I have just took a look on your SEO for  hxhv5.com for its SEO metrics and saw that your website could use a push. 
 
We will improve your SEO metrics and ranks organically and safely, using only whitehat methods, while providing monthly reports and outstanding support. 
 
Please check our plans here, we offer SEO at cheap rates. 
https://www.hilkom-digital.de/cheap-seo-packages/ 
 
Start increasing your sales and leads with us, today! 
 
regards 
Mike Cook
 
Hilkom Digital Team 
support@hilkom-digital.de','Mike Cook','85941579691','??','1631155681')

[ 2021-09-09T11:54:01+08:00 ] 185.191.171.16 /robots.txt
ERR: 无法加载控制器:Robots

[ 2021-09-09T12:16:29+08:00 ] 91.206.200.183 /wp-login.php
ERR: 无法加载控制器:Wp-login

[ 2021-09-09T17:10:43+08:00 ] 185.191.171.41 /robots.txt
ERR: 无法加载控制器:Robots

[ 2021-09-09T20:49:06+08:00 ] 66.249.66.71 /robots.txt
ERR: 无法加载控制器:Robots

[ 2021-09-09T23:11:33+08:00 ] 18.217.145.33 /wp-admin/css/
ERR: 无法加载控制器:Wp-admin

[ 2021-09-09T23:11:41+08:00 ] 18.217.145.33 /sites/default/files/
ERR: 无法加载控制器:Sites

[ 2021-09-09T23:11:54+08:00 ] 18.217.145.33 /uploads/
ERR: 无法加载控制器:Uploads

[ 2021-09-09T23:11:59+08:00 ] 18.217.145.33 /images/
ERR: 无法加载控制器:Images

[ 2021-09-09T23:12:04+08:00 ] 18.217.145.33 /files/
ERR: 无法加载控制器:Files

[ 2021-09-09T23:27:13+08:00 ] 66.249.66.192 /robots.txt
ERR: 无法加载控制器:Robots

