[ 2021-08-14T02:07:29+08:00 ] 193.138.101.26 /wp-login.php
ERR: 无法加载控制器:Wp-login

[ 2021-08-14T04:11:47+08:00 ] 54.36.148.41 /robots.txt
ERR: 无法加载控制器:Robots

[ 2021-08-14T05:00:18+08:00 ] 101.132.102.45 /index/login/login/token
ERR: 非法操作:login

[ 2021-08-14T07:43:27+08:00 ] 185.191.171.5 /robots.txt
ERR: 无法加载控制器:Robots

[ 2021-08-14T10:07:43+08:00 ] 185.191.171.38 /robots.txt
ERR: 无法加载控制器:Robots

[ 2021-08-14T17:30:29+08:00 ] 185.191.171.39 /robots.txt
ERR: 无法加载控制器:Robots

[ 2021-08-14T17:54:42+08:00 ] 84.247.48.21 /index.php/Feedback/add
ERR: 1406:Data too long for column 'content' at row 1
 [ SQL语句 ] : INSERT INTO `hbv5_feedback` (`content`,`username`,`mobile`,`cate_name`,`add_time`) VALUES ('Hi 
 
I have just checked  hxhv5.com for its SEO metrics and saw that your website could use a push. 
 
We will increase your SEO metrics and ranks organically and safely, using only whitehat methods, while providing monthly reports and outstanding support. 
 
Please check our services below, we offer SEO at cheap rates. 
https://www.hilkom-digital.de/cheap-seo-packages/ 
 
Start improving your sales and leads with us, today! 
 
regards 
Mike Ogden
 
Hilkom Digital Team 
support@hilkom-digital.de','Mike Ogden','82262261799','??','1628934882')
ERR: 1406:Data too long for column 'content' at row 1
 [ SQL语句 ] : INSERT INTO `hbv5_feedback` (`content`,`username`,`mobile`,`cate_name`,`add_time`) VALUES ('Hi 
 
I have just checked  hxhv5.com for its SEO metrics and saw that your website could use a push. 
 
We will increase your SEO metrics and ranks organically and safely, using only whitehat methods, while providing monthly reports and outstanding support. 
 
Please check our services below, we offer SEO at cheap rates. 
https://www.hilkom-digital.de/cheap-seo-packages/ 
 
Start improving your sales and leads with us, today! 
 
regards 
Mike Ogden
 
Hilkom Digital Team 
support@hilkom-digital.de','Mike Ogden','82262261799','??','1628934882')

[ 2021-08-14T18:44:08+08:00 ] 54.36.148.149 /robots.txt
ERR: 无法加载控制器:Robots

[ 2021-08-14T18:53:38+08:00 ] 112.5.37.17 /data/admin/allowurl.txt
ERR: 无法加载控制器:Data

[ 2021-08-14T19:47:13+08:00 ] 203.208.60.95 /robots.txt
ERR: 无法加载控制器:Robots

[ 2021-08-14T22:40:09+08:00 ] 185.191.171.40 /robots.txt
ERR: 无法加载控制器:Robots

