[ 2021-11-05T04:36:26+08:00 ] 23.228.109.147 /fileupload/server/php/index.php?file=tf2rghf.jpg
ERR: 无法加载控制器:Fileupload

[ 2021-11-05T13:36:25+08:00 ] 185.191.171.43 /robots.txt
ERR: 无法加载控制器:Robots

[ 2021-11-05T14:18:38+08:00 ] 192.163.204.229 /wp-login.php
ERR: 无法加载控制器:Wp-login

[ 2021-11-05T14:51:20+08:00 ] 139.224.11.233 /index/login/login/token
ERR: 非法操作:login

[ 2021-11-05T16:16:08+08:00 ] 54.36.149.69 /robots.txt
ERR: 无法加载控制器:Robots

[ 2021-11-05T17:38:30+08:00 ] 185.191.171.41 /robots.txt
ERR: 无法加载控制器:Robots

[ 2021-11-05T20:20:37+08:00 ] 188.126.73.206 /index.php/Feedback/add
ERR: 1406:Data too long for column 'content' at row 1
 [ SQL语句 ] : INSERT INTO `hbv5_feedback` (`content`,`username`,`mobile`,`cate_name`,`add_time`) VALUES ('порно фото блядей   https://sexs-photo.com/ 
 
 
красивый секс фото бесплатно   https://sexs-photo.com/tags/xxx/                                                                                                                                                                                                                                                                                                                                                                                                                                                                                                                                                                                                                                                                                                                                                                                                                                                                                                                                                                                                                                                                                                                                                                                                                                                                                                                                                                                                                                                                                                                                                                 можно голых девушек  
 
 
&lt;a href=http://www.best-natural-health-supplements.com/chia-seed-supplement.html/#comment-227&gt;большие сиськи порно сыном русское&lt;/a&gt;
&lt;a href=https://communemohammedia.com/2348-2/#comment-1644&gt;порно трахнул с большими сиськами&lt;/a&gt;
&lt;a href=https://ancomarsa.com/banano/incrementa-el-interes-por-platano-verde-en-italia/#comment-67&gt;смотреть реальное русское порно&lt;/a&gt;
&lt;a href=https://alcancemaismkt.com/quando-nasce-uma-mae-nasce-uma-empreendedora/#comment-326&gt;порно большие сиськи в школе&lt;/a&gt;
&lt;a href=https://1st-cafe.com/%eb%b6%80%eb%8f%99%ec%82%b0%ec%a0%95%eb%b3%b4/?mod=document&amp;uid=59&amp;execute_uid=59&gt;порно онлайн юные девушки&lt;/a&gt;
&lt;a href=https://advertiseopportunity.com/best-areas-to-advertise-a-home-based-business-opportunity/#comment-6733&gt;порно с животными скачать бесплатно&lt;/a&gt;
&lt;a href=https://www.bluesky-bnb.com/2017/03/17/%e9%83%a8%e8%90%bd%e6%a0%bc002/#comment-1099&gt;лучшее порно молодых&lt;/a&gt;
&lt;a href=https://autumn-dragon.com/blogs/the-dragon-blog/chinese-fire-dragon-sign?comment=126943035571#comments&gt;смотреть порно бесплатно в хорошем качестве&lt;/a&gt;
&lt;a href=https://www.gadgetping.com/huawei-p50-pro-specifications/#comment-39&gt;порно красиво ебут жопу&lt;/a&gt;
&lt;a href=https://oticaret.net/showthread.php?tid=2500&amp;pid=8628#pid8628&gt;голые девушки позируют&lt;/a&gt;
 e319720','MichaelDeecy','85774954796','??','1636114837')
ERR: 1406:Data too long for column 'content' at row 1
 [ SQL语句 ] : INSERT INTO `hbv5_feedback` (`content`,`username`,`mobile`,`cate_name`,`add_time`) VALUES ('порно фото блядей   https://sexs-photo.com/ 
 
 
красивый секс фото бесплатно   https://sexs-photo.com/tags/xxx/                                                                                                                                                                                                                                                                                                                                                                                                                                                                                                                                                                                                                                                                                                                                                                                                                                                                                                                                                                                                                                                                                                                                                                                                                                                                                                                                                                                                                                                                                                                                                                 можно голых девушек  
 
 
&lt;a href=http://www.best-natural-health-supplements.com/chia-seed-supplement.html/#comment-227&gt;большие сиськи порно сыном русское&lt;/a&gt;
&lt;a href=https://communemohammedia.com/2348-2/#comment-1644&gt;порно трахнул с большими сиськами&lt;/a&gt;
&lt;a href=https://ancomarsa.com/banano/incrementa-el-interes-por-platano-verde-en-italia/#comment-67&gt;смотреть реальное русское порно&lt;/a&gt;
&lt;a href=https://alcancemaismkt.com/quando-nasce-uma-mae-nasce-uma-empreendedora/#comment-326&gt;порно большие сиськи в школе&lt;/a&gt;
&lt;a href=https://1st-cafe.com/%eb%b6%80%eb%8f%99%ec%82%b0%ec%a0%95%eb%b3%b4/?mod=document&amp;uid=59&amp;execute_uid=59&gt;порно онлайн юные девушки&lt;/a&gt;
&lt;a href=https://advertiseopportunity.com/best-areas-to-advertise-a-home-based-business-opportunity/#comment-6733&gt;порно с животными скачать бесплатно&lt;/a&gt;
&lt;a href=https://www.bluesky-bnb.com/2017/03/17/%e9%83%a8%e8%90%bd%e6%a0%bc002/#comment-1099&gt;лучшее порно молодых&lt;/a&gt;
&lt;a href=https://autumn-dragon.com/blogs/the-dragon-blog/chinese-fire-dragon-sign?comment=126943035571#comments&gt;смотреть порно бесплатно в хорошем качестве&lt;/a&gt;
&lt;a href=https://www.gadgetping.com/huawei-p50-pro-specifications/#comment-39&gt;порно красиво ебут жопу&lt;/a&gt;
&lt;a href=https://oticaret.net/showthread.php?tid=2500&amp;pid=8628#pid8628&gt;голые девушки позируют&lt;/a&gt;
 e319720','MichaelDeecy','85774954796','??','1636114837')

[ 2021-11-05T22:25:50+08:00 ] 51.222.253.6 /robots.txt
ERR: 无法加载控制器:Robots

[ 2021-11-05T22:39:15+08:00 ] 14.18.38.29 /e/data/js/ajax.js
ERR: 无法加载控制器:E

