[ 2021-11-04T00:33:52+08:00 ] 167.71.16.250 /wp-admin/css/
ERR: 无法加载控制器:Wp-admin

[ 2021-11-04T00:35:00+08:00 ] 167.71.16.250 /uploads/
ERR: 无法加载控制器:Uploads

[ 2021-11-04T00:35:09+08:00 ] 167.71.16.250 /images/
ERR: 无法加载控制器:Images

[ 2021-11-04T00:35:16+08:00 ] 167.71.16.250 /files/
ERR: 无法加载控制器:Files

[ 2021-11-04T02:52:58+08:00 ] 207.46.13.9 /robots.txt
ERR: 无法加载控制器:Robots

[ 2021-11-04T03:58:57+08:00 ] 77.68.86.240 /wp-login.php
ERR: 无法加载控制器:Wp-login

[ 2021-11-04T03:58:57+08:00 ] 77.68.86.240 /wp-login.php
ERR: 无法加载控制器:Wp-login

[ 2021-11-04T07:31:52+08:00 ] 116.62.215.53 /index/login/login/token
ERR: 非法操作:login

[ 2021-11-04T09:46:14+08:00 ] 157.55.39.49 /robots.txt
ERR: 无法加载控制器:Robots

[ 2021-11-04T10:28:14+08:00 ] 77.81.139.44 /index.php/Feedback/add
ERR: 1406:Data too long for column 'content' at row 1
 [ SQL语句 ] : INSERT INTO `hbv5_feedback` (`content`,`username`,`mobile`,`cate_name`,`add_time`) VALUES ('Good Day 
 
I have just took an in depth look on your  hxhv5.com for its SEO Trend and saw that your website could use a boost. 
 
We will increase your SEO metrics and ranks organically and safely, using only whitehat methods, while providing monthly reports and outstanding support. 
 
Please check our plans here, we offer SEO at cheap rates. 
https://www.hilkom-digital.de/cheap-seo-packages/ 
 
Start enhancing your sales and leads with us, today! 
 
regards 
Mike Walker
 
Hilkom Digital Team 
support@hilkom-digital.de','Mike Walker','86748137459','??','1635992894')
ERR: 1406:Data too long for column 'content' at row 1
 [ SQL语句 ] : INSERT INTO `hbv5_feedback` (`content`,`username`,`mobile`,`cate_name`,`add_time`) VALUES ('Good Day 
 
I have just took an in depth look on your  hxhv5.com for its SEO Trend and saw that your website could use a boost. 
 
We will increase your SEO metrics and ranks organically and safely, using only whitehat methods, while providing monthly reports and outstanding support. 
 
Please check our plans here, we offer SEO at cheap rates. 
https://www.hilkom-digital.de/cheap-seo-packages/ 
 
Start enhancing your sales and leads with us, today! 
 
regards 
Mike Walker
 
Hilkom Digital Team 
support@hilkom-digital.de','Mike Walker','86748137459','??','1635992894')

[ 2021-11-04T13:09:39+08:00 ] 54.203.73.198 /robots.txt
ERR: 无法加载控制器:Robots

[ 2021-11-04T13:46:36+08:00 ] 185.191.171.25 /robots.txt
ERR: 无法加载控制器:Robots

[ 2021-11-04T14:34:43+08:00 ] 51.222.253.15 /robots.txt
ERR: 无法加载控制器:Robots

[ 2021-11-04T14:55:38+08:00 ] 220.181.51.122 /robots.txt
ERR: 无法加载控制器:Robots

[ 2021-11-04T22:38:11+08:00 ] 14.18.38.29 /data/admin/allowurl.txt
ERR: 无法加载控制器:Data

[ 2021-11-04T23:22:47+08:00 ] 54.36.149.89 /robots.txt
ERR: 无法加载控制器:Robots

