[ 2021-10-07T02:00:49+08:00 ] 45.130.60.5 /license.txt
ERR: 无法加载控制器:License

[ 2021-10-07T02:00:51+08:00 ] 176.116.231.192 /media/system/js/core.js
ERR: 无法加载控制器:Media

[ 2021-10-07T02:29:27+08:00 ] 51.222.253.17 /robots.txt
ERR: 无法加载控制器:Robots

[ 2021-10-07T03:49:01+08:00 ] 192.71.225.127 /robots.txt
ERR: 无法加载控制器:Robots

[ 2021-10-07T03:49:01+08:00 ] 192.71.36.158 /humans.txt
ERR: 无法加载控制器:Humans

[ 2021-10-07T03:49:02+08:00 ] 192.36.53.165 /ads.txt
ERR: 无法加载控制器:Ads

[ 2021-10-07T08:56:11+08:00 ] 47.92.38.53 /index/login/login/token
ERR: 非法操作:login

[ 2021-10-07T09:15:05+08:00 ] 161.35.91.198 /robots.txt
ERR: 无法加载控制器:Robots

[ 2021-10-07T09:15:06+08:00 ] 161.35.91.198 /sitemap.xml
ERR: 无法加载控制器:Sitemap

[ 2021-10-07T10:44:33+08:00 ] 84.247.48.20 /index.php/Feedback/add
ERR: 1406:Data too long for column 'content' at row 1
 [ SQL语句 ] : INSERT INTO `hbv5_feedback` (`content`,`username`,`mobile`,`cate_name`,`add_time`) VALUES ('Howdy 
 
I have just took an in depth look on your  hxhv5.com for its SEO metrics and saw that your website could use a boost. 
 
We will improve your SEO metrics and ranks organically and safely, using only whitehat methods, while providing monthly reports and outstanding support. 
 
Please check our pricelist here, we offer SEO at cheap rates. 
https://www.hilkom-digital.de/cheap-seo-packages/ 
 
Start improving your sales and leads with us, today! 
 
regards 
Mike Arthurs
 
Hilkom Digital Team 
support@hilkom-digital.de','Mike Arthurs','87111337586','??','1633574673')
ERR: 1406:Data too long for column 'content' at row 1
 [ SQL语句 ] : INSERT INTO `hbv5_feedback` (`content`,`username`,`mobile`,`cate_name`,`add_time`) VALUES ('Howdy 
 
I have just took an in depth look on your  hxhv5.com for its SEO metrics and saw that your website could use a boost. 
 
We will improve your SEO metrics and ranks organically and safely, using only whitehat methods, while providing monthly reports and outstanding support. 
 
Please check our pricelist here, we offer SEO at cheap rates. 
https://www.hilkom-digital.de/cheap-seo-packages/ 
 
Start improving your sales and leads with us, today! 
 
regards 
Mike Arthurs
 
Hilkom Digital Team 
support@hilkom-digital.de','Mike Arthurs','87111337586','??','1633574673')

[ 2021-10-07T18:49:32+08:00 ] 23.228.109.147 /wp-login.php
ERR: 无法加载控制器:Wp-login

[ 2021-10-07T23:37:54+08:00 ] 203.208.60.2 /robots.txt
ERR: 无法加载控制器:Robots

