[ 2021-10-20T00:18:15+08:00 ] 92.255.206.9 /index.php/Feedback/add
ERR: 1406:Data too long for column 'content' at row 1
 [ SQL语句 ] : INSERT INTO `hbv5_feedback` (`content`,`username`,`mobile`,`cate_name`,`add_time`) VALUES ('You can download any of the provided casinos upon without any problems. If you download the casino app, it purposefulness do one\'s daily dozen like a classic mirror of the predominant area from the mobile version. Unfortunately, all the apps you download choose only work on Android. Download casino in 1 click from the schedule, these are the most advanced transportable applications. 
 
The best casino apps benefit of Android 
The difficult is that finding Android apps and downloading them can be cunning, as Google doesn\'t authorize natural money Android casinos to be placed in the On Store. 
 
Download casino app 
But don\'t chew one\'s nails, there is a simple solution, you can download the casino app from casinoapk2.xyz. 
 
As so tons users attired in b be committed to been asking about casino gaming on their Android phones or tablets. We dug there a portion to upon you the most talented casino apps offering the anyway actual readies experience. 
 
The most in &lt;a href=https://casinoapk4.xyz/&gt;http://casinoapk3.xyz&lt;/a&gt;, download Pin-up. 
 
Reviewers verify each application against security to secure upon; 
We at one\'s desire help you find legal money gambling apps with the most beneficent Android apps; 
The casinos extend the pre-eminent selection of games. 
Download True Shekels Casino 
It is not usually plain to download genuine change casinos, equivalent on more in fashion smartphones like Samsung Galaxy, HTC Complete or Sony Xperia. So if you want to download the app to gain a victory in shin-plasters, pore over all below. 
 
Our team establish the pre-eminent casinos offering value gambling exchange for your device and ran an uptight 25-step verification operation for the treatment of them. 
 
On this bellhop you drive find an application for Android: 
 
Welcome Promotions - We recollect how much players want to misappropriate interest of the bonuses, so we made guaranteed that our featured sites put forward aristocratic deals in support of Android. 
Variety of games. Unpropitious determination is a important minus. We just endorse the app, the recreation portfolio is measureless and varied. 
Deposits - You requirement as hardly restrictions as on when it comes to depositing and withdrawing filthy lucre to your casino app account. We up inevitable that all apps we mention favourably brook a encyclopaedic class of payment methods. 
Fast payouts. All applications put on the market fast payments with real coins, credited to the account in a few hours. 
Mobile Compatibility - Engage in Apps Anywhere. 
Consumer Support - To be featured on the Featured Inventory, we need online casinos to present thorough and responsive chap service. 
Advantages of an online &lt;a href=https://casinoapk4.xyz/skachat-joy-kazino-na-android/&gt;joycasino скачать&lt;/a&gt; app for Android 
Great video graphics and usability in Android apps. 
Circumstance the same stunning PC experience. 
Excitable access from the application. 
Casino apps - looking looking for the greatest 
We tab and download casino apps to ensure they come together high-priced standards. The criteria employed to select a casino app are right-minded as stringent as the criteria used to rate a PC casino. Each commitment has: 
 
Highest importance graphics; 
Untroubled loading and playing epoch; 
Diet payouts.','ApkJoyjaish','81592549245','??','1634660295')
ERR: 1406:Data too long for column 'content' at row 1
 [ SQL语句 ] : INSERT INTO `hbv5_feedback` (`content`,`username`,`mobile`,`cate_name`,`add_time`) VALUES ('You can download any of the provided casinos upon without any problems. If you download the casino app, it purposefulness do one\'s daily dozen like a classic mirror of the predominant area from the mobile version. Unfortunately, all the apps you download choose only work on Android. Download casino in 1 click from the schedule, these are the most advanced transportable applications. 
 
The best casino apps benefit of Android 
The difficult is that finding Android apps and downloading them can be cunning, as Google doesn\'t authorize natural money Android casinos to be placed in the On Store. 
 
Download casino app 
But don\'t chew one\'s nails, there is a simple solution, you can download the casino app from casinoapk2.xyz. 
 
As so tons users attired in b be committed to been asking about casino gaming on their Android phones or tablets. We dug there a portion to upon you the most talented casino apps offering the anyway actual readies experience. 
 
The most in &lt;a href=https://casinoapk4.xyz/&gt;http://casinoapk3.xyz&lt;/a&gt;, download Pin-up. 
 
Reviewers verify each application against security to secure upon; 
We at one\'s desire help you find legal money gambling apps with the most beneficent Android apps; 
The casinos extend the pre-eminent selection of games. 
Download True Shekels Casino 
It is not usually plain to download genuine change casinos, equivalent on more in fashion smartphones like Samsung Galaxy, HTC Complete or Sony Xperia. So if you want to download the app to gain a victory in shin-plasters, pore over all below. 
 
Our team establish the pre-eminent casinos offering value gambling exchange for your device and ran an uptight 25-step verification operation for the treatment of them. 
 
On this bellhop you drive find an application for Android: 
 
Welcome Promotions - We recollect how much players want to misappropriate interest of the bonuses, so we made guaranteed that our featured sites put forward aristocratic deals in support of Android. 
Variety of games. Unpropitious determination is a important minus. We just endorse the app, the recreation portfolio is measureless and varied. 
Deposits - You requirement as hardly restrictions as on when it comes to depositing and withdrawing filthy lucre to your casino app account. We up inevitable that all apps we mention favourably brook a encyclopaedic class of payment methods. 
Fast payouts. All applications put on the market fast payments with real coins, credited to the account in a few hours. 
Mobile Compatibility - Engage in Apps Anywhere. 
Consumer Support - To be featured on the Featured Inventory, we need online casinos to present thorough and responsive chap service. 
Advantages of an online &lt;a href=https://casinoapk4.xyz/skachat-joy-kazino-na-android/&gt;joycasino скачать&lt;/a&gt; app for Android 
Great video graphics and usability in Android apps. 
Circumstance the same stunning PC experience. 
Excitable access from the application. 
Casino apps - looking looking for the greatest 
We tab and download casino apps to ensure they come together high-priced standards. The criteria employed to select a casino app are right-minded as stringent as the criteria used to rate a PC casino. Each commitment has: 
 
Highest importance graphics; 
Untroubled loading and playing epoch; 
Diet payouts.','ApkJoyjaish','81592549245','??','1634660295')

[ 2021-10-20T00:34:28+08:00 ] 203.208.60.30 /robots.txt
ERR: 无法加载控制器:Robots

[ 2021-10-20T04:22:49+08:00 ] 103.40.253.134 /data/admin/allowurl.txt
ERR: 无法加载控制器:Data

[ 2021-10-20T08:00:48+08:00 ] 47.102.158.52 /index/login/login/token
ERR: 非法操作:login

[ 2021-10-20T08:53:49+08:00 ] 212.90.39.68 /__media__/js/netsoltrademark.php?d=google.com
ERR: 无法加载控制器:__media__

[ 2021-10-20T19:43:17+08:00 ] 40.77.167.56 /robots.txt
ERR: 无法加载控制器:Robots

[ 2021-10-20T23:35:35+08:00 ] 54.36.148.9 /robots.txt
ERR: 无法加载控制器:Robots

