[ 2021-12-13T00:36:44+08:00 ] 157.55.39.82 /robots.txt
ERR: 无法加载控制器:Robots

[ 2021-12-13T01:42:58+08:00 ] 54.36.149.70 /robots.txt
ERR: 无法加载控制器:Robots

[ 2021-12-13T03:11:04+08:00 ] 51.222.253.20 /robots.txt
ERR: 无法加载控制器:Robots

[ 2021-12-13T03:25:49+08:00 ] 91.79.13.191 /index.php/Feedback/add
ERR: 1406:Data too long for column 'content' at row 1
 [ SQL语句 ] : INSERT INTO `hbv5_feedback` (`content`,`username`,`mobile`,`cate_name`,`add_time`) VALUES ('Good day! 
 
Sending newsletters of Your messages via contact forms to the sites of companies via any countries and domain zones of the world in any languages.  
 
website =» xn----7sbb1bbndheurc1a.xn--p1ai 
 
WHAT IS THE MAILING OF WEBSITES BY CONTACT FORMS? 
This is a type of mailing using the feedback forms that are located in the feedback section of the website and filled by our software in automatic mode with a rate of a few thousand feedback forms per one minute, while the alphanumeric code from the pictures (CAPTCHA) is also solved. 
After that, the e-mails including your cooperation offers are sent to the e-mail addresses of businesses. 
When sending mailing by contact contact forms, it turns out that each site sends a correspondent e-mail to its own e-mail and, therefore, all letters arrive in the inbox of the exact mailbox in which the organisation receives the correspondent emails. 
 
UTP: 
Fast 100-percent notification of firms and site owners about new offers. 
Search of new customers that other advertisements cannot find. 
 
AIM: 
Finding customers that cannot be found through other advertisements. 
 
Benefits: 
1.one hundred percent delivery of commercial messages. 
2.Expansion of the customer base. 
3. Expansion of the your market share. 
4.Mailings based on regionality and topics. 
5. Sending offers to directors. 
6. Conducting tenders. 
7. Conducting marketing campaigns. 
8. Conducting surveys and studying public opinion. 
9. High-speed notification. 
10. Cost. 
11. Entering the international markets. 
 
Our advantages: 
1.When sending mailing by contact forms, all messages arrive in the inbox folder. When sending mass e-mails, this can reach up to five percent. 
 
2.When sending mailing by feedback forms it is possible to send a few million e-mails per 24 hours to inboxes. When sending mass e-mails a few thousands arrive in the inbox folders, all the remaining ones often either do not reach or fill the spam folder. 
 
3. When sending mailing by contact forms a message does not get blocked by mail services because it is sent from different websites. When sending e-mail newsletters it is possible to send a few thousands of those but nevertheless all the IP addresses from which the mailing is done will be banned. 
 
4. When sending mailing by contact forms the minimum of macros is used to form headings and text of the letter. When sending mass e-mails, it is necessary to use «macros» (synonyms) for each word and create ten thousand various headings. 
 
5. Many businesses deliberatelly hide their email and only leave a contact form for contacting with them. 
 
6. When sending e-newsletters, your commercial offer is delivered to every employee of the business, (which causes discontent) compared to mailing by feedback forms where the letter is received at the e-mail address specifically set up for business offers. 
 
7.half of corporate mailboxes are located on free mail servers, they are badly &quot;searchable&quot; by electronic address, but when sending mailing by feedback forms through these mail servers, all e-mails are 100-percent delivered to the recipients. 
 
8. Only 30%-40% of firms get into the directories within several years, and all the rest are already located in our WHOIS databases and are waiting for your cooperation  offers. 
Thus that emails of businesses from directories are spammed, which means that they will not have such monetisation as when sending mailing by feedback forms using our new WHOIS databases. 
 
9. Any kind of stop words in the headings or body of the letter can be sent through feedback forms. When sending bulk e-mails, such letters either do not reach the recipient or end up in spam. 
The list of stop words of mails includes almost all words and phrases that encourage recipients to take actions. 
 
Application: 
 
1. Increasing the customer base. 
2. Quick informing of marketplaces about new cooperation offers. 
3. Informing company officials. 
4.Supply. 
5. Conducting tenders. 
6.Conducting marketing research. 
7.Studying public opinion and conducting surveys. 
8. Searching for customers in other countries. 
 
Reasons for ordering this service: 
 
1. 100% delivery of your e-mails and business offers to millions of organisations all over the world. 
Every internet resource sends a e-mail to itself so all filters of mails are bypassed. 
 
2.Mailing by contact forms is an ideal way in in terms of conducting all sorts of marketing researches, surveys and studies of  social opinion on anytype of activity and direction. 
When sending mailing by contact forms, you will will be absolutely sure that your letter has been delivered to one hundred percent of consumers of your service and product and if a service or product is &quot;poorly promoted&quot;, then the potential problem lies in other things, for example in pricing. 
At the same time, within 7 days you will see demand for your own services and products, you will not have to spend funds on renting premises and other more expensive and time-consuming marketing activities. 
 
3.Mailing by feedback forms is the most economical and quickest way to get your service or product to the international markets. 
 
4. Mailing by feedback forms is a tool for conducting various tenders. 
 
5.Weekly update of the databases, as more than 150,000 new websites, are registered all over the world every day, and you, in turn, get new potential clients. 
 
6. Full geographical scope for all states of the globe. 
 
7. We offer clients that are not available through other advertisement. 
When sending mailing by feedback forms, you will be able to get to that part of your potential clientele, that is impossible to &quot;break through&quot; in automatic mode in another way. 
For instance, you will be able to send a business offer to those potential clients that were previously out of reach due to mail filters while sending e-newsletters. 
Now, there is a very unusual situation: firms that got into the directories are completely spammed with all sorts of offers while very little e-mails are sent to the remaining ones. 
 
8. Unique technique of solving the captcha. 
There are services for decoding numeric and alphabetic code (captcha/CAPTCHA). It costs 1 dollar to solve 1000  captchas. 
It follows from this that, processing 1 million websites our program unravels one million captchas, which costs 1000 dollars only to unravel captcha/CAPTCHA, and we provide this free for you! 
 
9. By ordering mailing by feedback forms, you are promoting your product or service not to separate individuals, but to collectives, for example domain .com, where more than one hundred and fifty million commercial  companies from all countries of the world are collected (we have samples of them from international zones for every country). 
 
10. Mailing by contact forms also includes a type of text mailing 
E-mail address that is linked to the contact form is the primary mailbox of organisations through which applications and commercial offers are sent. This e-mail is also set up for cell phones as it is necessary to respond to the messages very fast so as not to misplace the application or the relevance of the business offer. 
 
11. The base of countries also includes all joint companies from all countries closely related to or working with this country, for instance, diasporas and national communities. 
Sanctions of search engines and mail systems? 
These mailings are an alternative to sending bulk e-mails, therefore search sanctions and &quot;Ban&quot; do not apply to them. 
Mail delivers the data of e-mails to the inbox folder, as it moves through the &quot;warm communication channel&quot; from the new IP address of the website to the corporate e-mail address of the same internet resource. 
In other words, these mailings &quot;live in letters&quot; and e-mail filters do not react to them, because mail systems have a great level of trust in communication channels between sites and corporate mailboxes. 
 
OUR DATABASES: 
You can purchase our databases separately from the mailing by sending us a enquiry by feedback form. 
 
MORE THAN 2000 VOIS DATABASES BY DOMAIN ZONES AND COUNTRIES OF THE WHOLE WORLD. 
 
COLLECTIONS OF DATABASES BY THE MAIN CONTINENTS. 
 
SELECTIONS OF DATABASES BY THE MAIN WORLD LANGUAGES. 
 
SELECTIONS OF DATABASES BY THE MAIN WEBSITE BUILDERS. 
 
SELECTIONS BY THE MAIN COUNTRIES OF THE WORLD. 
 
HOW TO MAKE AN ORDER FOR MAILING BY CONTACT FORMS: 
The simplest text of the message + headings, the main goal is to interest the future client, and they will read the rest on your internet resource. 
Most likely, all ads on your subject are already on the Internet, enter the necessary search requests and choose the most suitable ones. 
The headings are substituted one after another from text file. 
Only messages in the text form are sent, links are inserted without problems, they are all &quot;clickable&quot;. If the potential customer needs pictures or more specific information, then you should forward the future customer to visit your site. 
 
In the letter: 
Text without pictures, since pictures do not pass through the feedback form. 
Your contact details: 
Site address: 
 
Fields to fill in: 
Name: 
Country: 
City: 
Website: 
Several headings: 
E-mail address for autoresponces: 
 
website =» xn----7sbb1bbndheurc1a.xn--p1ai 
Price List =» xn----7sbb1bbndheurc1a.xn--p1ai/en/price/','contactydjmgl','82779563154','??','1639337149')
ERR: 1406:Data too long for column 'content' at row 1
 [ SQL语句 ] : INSERT INTO `hbv5_feedback` (`content`,`username`,`mobile`,`cate_name`,`add_time`) VALUES ('Good day! 
 
Sending newsletters of Your messages via contact forms to the sites of companies via any countries and domain zones of the world in any languages.  
 
website =» xn----7sbb1bbndheurc1a.xn--p1ai 
 
WHAT IS THE MAILING OF WEBSITES BY CONTACT FORMS? 
This is a type of mailing using the feedback forms that are located in the feedback section of the website and filled by our software in automatic mode with a rate of a few thousand feedback forms per one minute, while the alphanumeric code from the pictures (CAPTCHA) is also solved. 
After that, the e-mails including your cooperation offers are sent to the e-mail addresses of businesses. 
When sending mailing by contact contact forms, it turns out that each site sends a correspondent e-mail to its own e-mail and, therefore, all letters arrive in the inbox of the exact mailbox in which the organisation receives the correspondent emails. 
 
UTP: 
Fast 100-percent notification of firms and site owners about new offers. 
Search of new customers that other advertisements cannot find. 
 
AIM: 
Finding customers that cannot be found through other advertisements. 
 
Benefits: 
1.one hundred percent delivery of commercial messages. 
2.Expansion of the customer base. 
3. Expansion of the your market share. 
4.Mailings based on regionality and topics. 
5. Sending offers to directors. 
6. Conducting tenders. 
7. Conducting marketing campaigns. 
8. Conducting surveys and studying public opinion. 
9. High-speed notification. 
10. Cost. 
11. Entering the international markets. 
 
Our advantages: 
1.When sending mailing by contact forms, all messages arrive in the inbox folder. When sending mass e-mails, this can reach up to five percent. 
 
2.When sending mailing by feedback forms it is possible to send a few million e-mails per 24 hours to inboxes. When sending mass e-mails a few thousands arrive in the inbox folders, all the remaining ones often either do not reach or fill the spam folder. 
 
3. When sending mailing by contact forms a message does not get blocked by mail services because it is sent from different websites. When sending e-mail newsletters it is possible to send a few thousands of those but nevertheless all the IP addresses from which the mailing is done will be banned. 
 
4. When sending mailing by contact forms the minimum of macros is used to form headings and text of the letter. When sending mass e-mails, it is necessary to use «macros» (synonyms) for each word and create ten thousand various headings. 
 
5. Many businesses deliberatelly hide their email and only leave a contact form for contacting with them. 
 
6. When sending e-newsletters, your commercial offer is delivered to every employee of the business, (which causes discontent) compared to mailing by feedback forms where the letter is received at the e-mail address specifically set up for business offers. 
 
7.half of corporate mailboxes are located on free mail servers, they are badly &quot;searchable&quot; by electronic address, but when sending mailing by feedback forms through these mail servers, all e-mails are 100-percent delivered to the recipients. 
 
8. Only 30%-40% of firms get into the directories within several years, and all the rest are already located in our WHOIS databases and are waiting for your cooperation  offers. 
Thus that emails of businesses from directories are spammed, which means that they will not have such monetisation as when sending mailing by feedback forms using our new WHOIS databases. 
 
9. Any kind of stop words in the headings or body of the letter can be sent through feedback forms. When sending bulk e-mails, such letters either do not reach the recipient or end up in spam. 
The list of stop words of mails includes almost all words and phrases that encourage recipients to take actions. 
 
Application: 
 
1. Increasing the customer base. 
2. Quick informing of marketplaces about new cooperation offers. 
3. Informing company officials. 
4.Supply. 
5. Conducting tenders. 
6.Conducting marketing research. 
7.Studying public opinion and conducting surveys. 
8. Searching for customers in other countries. 
 
Reasons for ordering this service: 
 
1. 100% delivery of your e-mails and business offers to millions of organisations all over the world. 
Every internet resource sends a e-mail to itself so all filters of mails are bypassed. 
 
2.Mailing by contact forms is an ideal way in in terms of conducting all sorts of marketing researches, surveys and studies of  social opinion on anytype of activity and direction. 
When sending mailing by contact forms, you will will be absolutely sure that your letter has been delivered to one hundred percent of consumers of your service and product and if a service or product is &quot;poorly promoted&quot;, then the potential problem lies in other things, for example in pricing. 
At the same time, within 7 days you will see demand for your own services and products, you will not have to spend funds on renting premises and other more expensive and time-consuming marketing activities. 
 
3.Mailing by feedback forms is the most economical and quickest way to get your service or product to the international markets. 
 
4. Mailing by feedback forms is a tool for conducting various tenders. 
 
5.Weekly update of the databases, as more than 150,000 new websites, are registered all over the world every day, and you, in turn, get new potential clients. 
 
6. Full geographical scope for all states of the globe. 
 
7. We offer clients that are not available through other advertisement. 
When sending mailing by feedback forms, you will be able to get to that part of your potential clientele, that is impossible to &quot;break through&quot; in automatic mode in another way. 
For instance, you will be able to send a business offer to those potential clients that were previously out of reach due to mail filters while sending e-newsletters. 
Now, there is a very unusual situation: firms that got into the directories are completely spammed with all sorts of offers while very little e-mails are sent to the remaining ones. 
 
8. Unique technique of solving the captcha. 
There are services for decoding numeric and alphabetic code (captcha/CAPTCHA). It costs 1 dollar to solve 1000  captchas. 
It follows from this that, processing 1 million websites our program unravels one million captchas, which costs 1000 dollars only to unravel captcha/CAPTCHA, and we provide this free for you! 
 
9. By ordering mailing by feedback forms, you are promoting your product or service not to separate individuals, but to collectives, for example domain .com, where more than one hundred and fifty million commercial  companies from all countries of the world are collected (we have samples of them from international zones for every country). 
 
10. Mailing by contact forms also includes a type of text mailing 
E-mail address that is linked to the contact form is the primary mailbox of organisations through which applications and commercial offers are sent. This e-mail is also set up for cell phones as it is necessary to respond to the messages very fast so as not to misplace the application or the relevance of the business offer. 
 
11. The base of countries also includes all joint companies from all countries closely related to or working with this country, for instance, diasporas and national communities. 
Sanctions of search engines and mail systems? 
These mailings are an alternative to sending bulk e-mails, therefore search sanctions and &quot;Ban&quot; do not apply to them. 
Mail delivers the data of e-mails to the inbox folder, as it moves through the &quot;warm communication channel&quot; from the new IP address of the website to the corporate e-mail address of the same internet resource. 
In other words, these mailings &quot;live in letters&quot; and e-mail filters do not react to them, because mail systems have a great level of trust in communication channels between sites and corporate mailboxes. 
 
OUR DATABASES: 
You can purchase our databases separately from the mailing by sending us a enquiry by feedback form. 
 
MORE THAN 2000 VOIS DATABASES BY DOMAIN ZONES AND COUNTRIES OF THE WHOLE WORLD. 
 
COLLECTIONS OF DATABASES BY THE MAIN CONTINENTS. 
 
SELECTIONS OF DATABASES BY THE MAIN WORLD LANGUAGES. 
 
SELECTIONS OF DATABASES BY THE MAIN WEBSITE BUILDERS. 
 
SELECTIONS BY THE MAIN COUNTRIES OF THE WORLD. 
 
HOW TO MAKE AN ORDER FOR MAILING BY CONTACT FORMS: 
The simplest text of the message + headings, the main goal is to interest the future client, and they will read the rest on your internet resource. 
Most likely, all ads on your subject are already on the Internet, enter the necessary search requests and choose the most suitable ones. 
The headings are substituted one after another from text file. 
Only messages in the text form are sent, links are inserted without problems, they are all &quot;clickable&quot;. If the potential customer needs pictures or more specific information, then you should forward the future customer to visit your site. 
 
In the letter: 
Text without pictures, since pictures do not pass through the feedback form. 
Your contact details: 
Site address: 
 
Fields to fill in: 
Name: 
Country: 
City: 
Website: 
Several headings: 
E-mail address for autoresponces: 
 
website =» xn----7sbb1bbndheurc1a.xn--p1ai 
Price List =» xn----7sbb1bbndheurc1a.xn--p1ai/en/price/','contactydjmgl','82779563154','??','1639337149')

[ 2021-12-13T05:07:45+08:00 ] 111.225.149.115 /robots.txt
ERR: 无法加载控制器:Robots

[ 2021-12-13T05:41:15+08:00 ] 106.11.153.105 /robots.txt
ERR: 无法加载控制器:Robots

[ 2021-12-13T08:12:14+08:00 ] 101.133.143.217 /index/login/login/token
ERR: 非法操作:login

[ 2021-12-13T10:09:05+08:00 ] 185.191.171.19 /robots.txt
ERR: 无法加载控制器:Robots

[ 2021-12-13T15:39:01+08:00 ] 185.191.171.6 /robots.txt
ERR: 无法加载控制器:Robots

[ 2021-12-13T18:06:53+08:00 ] 125.124.82.198 /plus/bookfeedback.php
ERR: 无法加载控制器:Plus

[ 2021-12-13T18:06:53+08:00 ] 125.124.82.198 /uploads/userup/index.html
ERR: 无法加载控制器:Uploads

[ 2021-12-13T18:06:53+08:00 ] 125.124.82.198 /data/admin/ver.txt
ERR: 无法加载控制器:Data

[ 2021-12-13T18:06:53+08:00 ] 125.124.82.198 /data/admin/quickmenu.txt
ERR: 无法加载控制器:Data

[ 2021-12-13T18:06:53+08:00 ] 125.124.82.198 /data/admin/quickmenu.txt
ERR: 无法加载控制器:Data

[ 2021-12-13T18:06:53+08:00 ] 125.124.82.198 /data/admin/ver.txt
ERR: 无法加载控制器:Data

[ 2021-12-13T18:06:53+08:00 ] 125.124.82.198 /robots.txt
ERR: 无法加载控制器:Robots

[ 2021-12-13T18:06:53+08:00 ] 125.124.82.198 /include/taglib/help/flink.txt
ERR: 无法加载控制器:Include

[ 2021-12-13T18:06:53+08:00 ] 125.124.82.198 /member/space/person/header.htm
ERR: 无法加载控制器:Member

[ 2021-12-13T18:06:53+08:00 ] 125.124.82.198 /data/admin/ver.txt
ERR: 无法加载控制器:Data

[ 2021-12-13T18:06:54+08:00 ] 125.124.82.198 /plus/carbuyaction.php
ERR: 无法加载控制器:Plus

[ 2021-12-13T18:06:54+08:00 ] 125.124.82.198 /data/admin/allowurl.txt
ERR: 无法加载控制器:Data

[ 2021-12-13T18:06:54+08:00 ] 125.124.82.198 /data/cache/inc_catalog_base.inc
ERR: 无法加载控制器:Data

[ 2021-12-13T18:06:54+08:00 ] 125.124.82.198 /data/cache/index.htm
ERR: 无法加载控制器:Data

[ 2021-12-13T18:06:54+08:00 ] 125.124.82.198 /member/space/person/common/css/css.css
ERR: 无法加载控制器:Member

[ 2021-12-13T18:06:54+08:00 ] 125.124.82.198 /member/space/person/common/css/css.css
ERR: 无法加载控制器:Member

[ 2021-12-13T18:06:54+08:00 ] 125.124.82.198 /plus/carbuyaction.php
ERR: 无法加载控制器:Plus

[ 2021-12-13T18:06:54+08:00 ] 125.124.82.198 /data/admin/allowurl.txt
ERR: 无法加载控制器:Data

[ 2021-12-13T18:06:54+08:00 ] 125.124.82.198 /templets/default/style/dedecms.css
ERR: 无法加载控制器:Templets

[ 2021-12-13T18:06:54+08:00 ] 125.124.82.198 /member/images/base.css
ERR: 无法加载控制器:Member

[ 2021-12-13T18:06:54+08:00 ] 125.124.82.198 /dede/templets/article_coonepage_rule.htm
ERR: 无法加载控制器:Dede

[ 2021-12-13T18:06:54+08:00 ] 125.124.82.198 /templets/default/style/dedecms.css
ERR: 无法加载控制器:Templets

[ 2021-12-13T18:06:54+08:00 ] 125.124.82.198 /templets/default/style/dedecms.css
ERR: 无法加载控制器:Templets

[ 2021-12-13T18:06:54+08:00 ] 125.124.82.198 /data/admin/ver.txt
ERR: 无法加载控制器:Data

[ 2021-12-13T18:06:55+08:00 ] 125.124.82.198 /data/admin/ver.txt
ERR: 无法加载控制器:Data

[ 2021-12-13T18:06:55+08:00 ] 125.124.82.198 /data/cache/index.htm
ERR: 无法加载控制器:Data

[ 2021-12-13T18:06:55+08:00 ] 125.124.82.198 /data/admin/ver.txt
ERR: 无法加载控制器:Data

[ 2021-12-13T19:14:21+08:00 ] 216.244.66.195 /robots.txt
ERR: 无法加载控制器:Robots

[ 2021-12-13T19:18:52+08:00 ] 216.244.66.195 /views-84.html
ERR: 无法加载控制器:Views-84

