[ 2021-11-08T03:10:05+08:00 ] 40.77.167.52 /robots.txt
ERR: 无法加载控制器:Robots

[ 2021-11-08T03:43:23+08:00 ] 185.191.171.44 /robots.txt
ERR: 无法加载控制器:Robots

[ 2021-11-08T07:05:34+08:00 ] 185.189.114.120 /index.php/Feedback/add
ERR: 1406:Data too long for column 'content' at row 1
 [ SQL语句 ] : INSERT INTO `hbv5_feedback` (`content`,`username`,`mobile`,`cate_name`,`add_time`) VALUES ('Good day!  hxhv5.com 
 
We propose 
 
Sending your message through the feedback form which can be found on the sites in the contact partition. Contact form are filled in by our program and the captcha is solved. The advantage of this method is that messages sent through feedback forms are whitelisted. This method improve the chances that your message will be open. 
 
Our database contains more than 27 million sites around the world to which we can send your message. 
 
The cost of one million messages 49 USD 
 
FREE TEST mailing Up to 50,000 messages. 
 
 
This letter is created automatically.  Use our contacts for communication. 
 
Contact us. 
Telegram - @FeedbackMessages 
Skype  live:contactform_18 
WhatsApp - +375259112693 
We only use chat.','Jamesquofs','84376879754','??','1636326334')
ERR: 1406:Data too long for column 'content' at row 1
 [ SQL语句 ] : INSERT INTO `hbv5_feedback` (`content`,`username`,`mobile`,`cate_name`,`add_time`) VALUES ('Good day!  hxhv5.com 
 
We propose 
 
Sending your message through the feedback form which can be found on the sites in the contact partition. Contact form are filled in by our program and the captcha is solved. The advantage of this method is that messages sent through feedback forms are whitelisted. This method improve the chances that your message will be open. 
 
Our database contains more than 27 million sites around the world to which we can send your message. 
 
The cost of one million messages 49 USD 
 
FREE TEST mailing Up to 50,000 messages. 
 
 
This letter is created automatically.  Use our contacts for communication. 
 
Contact us. 
Telegram - @FeedbackMessages 
Skype  live:contactform_18 
WhatsApp - +375259112693 
We only use chat.','Jamesquofs','84376879754','??','1636326334')

[ 2021-11-08T08:43:15+08:00 ] 111.225.148.175 /robots.txt
ERR: 无法加载控制器:Robots

[ 2021-11-08T08:43:39+08:00 ] 111.225.149.34 /robots.txt
ERR: 无法加载控制器:Robots

[ 2021-11-08T12:27:47+08:00 ] 47.102.126.61 /index/login/login/token
ERR: 非法操作:login

[ 2021-11-08T12:45:55+08:00 ] 185.191.171.25 /robots.txt
ERR: 无法加载控制器:Robots

[ 2021-11-08T15:20:39+08:00 ] 203.208.60.13 /robots.txt
ERR: 无法加载控制器:Robots

[ 2021-11-08T22:57:23+08:00 ] 51.222.253.11 /robots.txt
ERR: 无法加载控制器:Robots

