[ 2022-07-22T00:40:14+08:00 ] 40.80.147.160 /index.php?s=captcha
ERR: 无法加载控制器:Captcha

[ 2022-07-22T03:09:05+08:00 ] 66.249.68.53 /robots.txt
ERR: 无法加载控制器:Robots

[ 2022-07-22T09:41:02+08:00 ] 112.13.112.72 /robots.txt
ERR: 无法加载控制器:Robots

[ 2022-07-22T13:12:18+08:00 ] 162.55.85.226 /robots.txt
ERR: 无法加载控制器:Robots

[ 2022-07-22T13:12:20+08:00 ] 162.55.85.226 /sitemap
ERR: 无法加载控制器:Sitemap

[ 2022-07-22T13:12:24+08:00 ] 162.55.85.226 /sitemap.txt
ERR: 无法加载控制器:Sitemap

[ 2022-07-22T14:53:57+08:00 ] 194.38.20.161 /wp-content/plugins/mm-forms/includes/doajaxfileupload.php
ERR: 无法加载控制器:Wp-content

[ 2022-07-22T15:44:52+08:00 ] 51.222.253.10 /robots.txt
ERR: 无法加载控制器:Robots

[ 2022-07-22T17:03:50+08:00 ] 13.215.46.118 /.aws/credentials
ERR: 无法加载控制器:.aws

[ 2022-07-22T17:03:50+08:00 ] 13.215.46.118 /phpinfo
ERR: 无法加载控制器:Phpinfo

[ 2022-07-22T17:03:50+08:00 ] 13.215.46.118 /phpinfo.php
ERR: 无法加载控制器:Phpinfo

[ 2022-07-22T17:03:50+08:00 ] 13.215.46.118 /.env.bak
ERR: 无法加载控制器:.env

[ 2022-07-22T17:03:51+08:00 ] 13.215.46.118 /info.php
ERR: 无法加载控制器:Info

[ 2022-07-22T17:03:51+08:00 ] 13.215.46.118 /config/aws.yml
ERR: 无法加载控制器:Config

[ 2022-07-22T17:03:51+08:00 ] 13.215.46.118 /_profiler/phpinfo
ERR: 无法加载控制器:_profiler

[ 2022-07-22T17:03:51+08:00 ] 13.215.46.118 /.aws/config
ERR: 无法加载控制器:.aws

[ 2022-07-22T17:03:52+08:00 ] 13.215.46.118 /config.json
ERR: 无法加载控制器:Config

[ 2022-07-22T17:03:52+08:00 ] 13.215.46.118 /debug/default/view?panel=config
ERR: 无法加载控制器:Debug

[ 2022-07-22T17:24:42+08:00 ] 51.222.253.15 /robots.txt
ERR: 无法加载控制器:Robots

[ 2022-07-22T19:56:34+08:00 ] 84.17.60.186 /index.php/Feedback/add
ERR: 1406:Data too long for column 'content' at row 1
 [ SQL语句 ] : INSERT INTO `hbv5_feedback` (`content`,`username`,`mobile`,`cate_name`,`add_time`) VALUES ('Hello!  hxhv5.com 
 
We propose 
 
Sending your commercial proposal through the Contact us form which can be found on the sites in the contact partition. Contact form are filled in by our application and the captcha is solved. The superiority of this method is that messages sent through feedback forms are whitelisted. This method improve the odds that your message will be read. 
 
Our database contains more than 27 million sites around the world to which we can send your message. 
 
The cost of one million messages 49 USD 
 
FREE TEST mailing Up to 50,000 messages. 
 
 
This letter is created automatically.  Use our contacts for communication. 
 
Contact us. 
Telegram - @FeedbackMessages 
Skype  live:contactform_18 
WhatsApp - +375259112693 
We only use chat.','Ernestdiede','85273814341','??','1658490994')
ERR: 1406:Data too long for column 'content' at row 1
 [ SQL语句 ] : INSERT INTO `hbv5_feedback` (`content`,`username`,`mobile`,`cate_name`,`add_time`) VALUES ('Hello!  hxhv5.com 
 
We propose 
 
Sending your commercial proposal through the Contact us form which can be found on the sites in the contact partition. Contact form are filled in by our application and the captcha is solved. The superiority of this method is that messages sent through feedback forms are whitelisted. This method improve the odds that your message will be read. 
 
Our database contains more than 27 million sites around the world to which we can send your message. 
 
The cost of one million messages 49 USD 
 
FREE TEST mailing Up to 50,000 messages. 
 
 
This letter is created automatically.  Use our contacts for communication. 
 
Contact us. 
Telegram - @FeedbackMessages 
Skype  live:contactform_18 
WhatsApp - +375259112693 
We only use chat.','Ernestdiede','85273814341','??','1658490994')

