[ 2022-07-02T01:40:45+08:00 ] 185.191.171.2 /robots.txt
ERR: 无法加载控制器:Robots

[ 2022-07-02T06:42:07+08:00 ] 101.67.49.69 /robots.txt
ERR: 无法加载控制器:Robots

[ 2022-07-02T11:10:53+08:00 ] 192.99.33.141 /robots.txt
ERR: 无法加载控制器:Robots

[ 2022-07-02T14:51:37+08:00 ] 162.55.85.226 /robots.txt
ERR: 无法加载控制器:Robots

[ 2022-07-02T14:51:38+08:00 ] 162.55.85.226 /sitemap
ERR: 无法加载控制器:Sitemap

[ 2022-07-02T14:52:08+08:00 ] 162.55.85.226 /sitemap.txt
ERR: 无法加载控制器:Sitemap

[ 2022-07-02T17:33:36+08:00 ] 54.36.148.185 /robots.txt
ERR: 无法加载控制器:Robots

[ 2022-07-02T18:44:29+08:00 ] 47.102.214.37 /explicit_not_exist_path
ERR: 无法加载控制器:Explicit_not_exist_path

[ 2022-07-02T18:44:29+08:00 ] 47.102.214.37 /robots.txt
ERR: 无法加载控制器:Robots

[ 2022-07-02T18:44:30+08:00 ] 47.102.214.37 /index.php/explicit_not_exist_path
ERR: 无法加载控制器:Explicit_not_exist_path

[ 2022-07-02T18:44:30+08:00 ] 47.102.214.37 /static/.gitignore
ERR: 无法加载控制器:Static

[ 2022-07-02T18:44:30+08:00 ] 47.102.214.37 /phpMyAdmin/
ERR: 无法加载控制器:PhpMyAdmin

[ 2022-07-02T18:44:30+08:00 ] 47.102.214.37 /phpmyadmin/
ERR: 无法加载控制器:Phpmyadmin

[ 2022-07-02T18:44:30+08:00 ] 47.102.214.37 /wcm/
ERR: 无法加载控制器:Wcm

[ 2022-07-02T19:48:23+08:00 ] 154.17.76.143 /index.php/Feedback/add
ERR: 1406:Data too long for column 'content' at row 1
 [ SQL语句 ] : INSERT INTO `hbv5_feedback` (`content`,`username`,`mobile`,`cate_name`,`add_time`) VALUES ('TO RENEW hxhv5.com (Expires on 2022-07-02): 
https://dcreregistration.com/hxhv5.com/a/1656762499/v0 

This message is to inform you that your invoice number 1191998026 is OVERDUE. hxhv5.com to be due on 2022-07-02* is SUSPENDED. Please make payment AS SOON AS POSSIBLE to avoid any TERMINATION of service to hxhv5.com. 

Please be adviced that if no payment is made in the next 3 business days, your data will be purged and deleted. 

TO RENEW hxhv5.com: 
https://dcreregistration.com/hxhv5.com/a/1656762499/v0 

Disclaimer notice: We can not be held legally accountable for any claims, damages or loss that you may incur owing to the cancellation of hxhv5.com. Any such damages may potentially include but are not solely limited to: sales losses, deleted data without backup copies, loss of results in search rankings, missed appointments, undelivered electronic mail and any other business, service or technical damages that you might suffer. For further information please look up section 13.f.7.e of our Terms of Service. 

This is the final notification that we are required to send out with regards to the expiration of hxhv5.com. 

SECURE ONLINE RENEWAL: 
https://dcreregistration.com/hxhv5.com/a/1656762499/v0

All web services will be restored immediately on hxhv5.com upon confirmation of payment. We thank you for your urgent attention and continued business.','DC ReRegistration','318-573-6662','留言','1656762503')
ERR: 1406:Data too long for column 'content' at row 1
 [ SQL语句 ] : INSERT INTO `hbv5_feedback` (`content`,`username`,`mobile`,`cate_name`,`add_time`) VALUES ('TO RENEW hxhv5.com (Expires on 2022-07-02): 
https://dcreregistration.com/hxhv5.com/a/1656762499/v0 

This message is to inform you that your invoice number 1191998026 is OVERDUE. hxhv5.com to be due on 2022-07-02* is SUSPENDED. Please make payment AS SOON AS POSSIBLE to avoid any TERMINATION of service to hxhv5.com. 

Please be adviced that if no payment is made in the next 3 business days, your data will be purged and deleted. 

TO RENEW hxhv5.com: 
https://dcreregistration.com/hxhv5.com/a/1656762499/v0 

Disclaimer notice: We can not be held legally accountable for any claims, damages or loss that you may incur owing to the cancellation of hxhv5.com. Any such damages may potentially include but are not solely limited to: sales losses, deleted data without backup copies, loss of results in search rankings, missed appointments, undelivered electronic mail and any other business, service or technical damages that you might suffer. For further information please look up section 13.f.7.e of our Terms of Service. 

This is the final notification that we are required to send out with regards to the expiration of hxhv5.com. 

SECURE ONLINE RENEWAL: 
https://dcreregistration.com/hxhv5.com/a/1656762499/v0

All web services will be restored immediately on hxhv5.com upon confirmation of payment. We thank you for your urgent attention and continued business.','DC ReRegistration','318-573-6662','留言','1656762503')

[ 2022-07-02T21:56:17+08:00 ] 192.99.160.41 /robots.txt
ERR: 无法加载控制器:Robots

