[ 2022-06-28T02:44:19+08:00 ] 162.55.85.226 /robots.txt
ERR: 无法加载控制器:Robots

[ 2022-06-28T02:44:21+08:00 ] 162.55.85.226 /sitemap
ERR: 无法加载控制器:Sitemap

[ 2022-06-28T02:44:23+08:00 ] 162.55.85.226 /sitemap.txt
ERR: 无法加载控制器:Sitemap

[ 2022-06-28T02:46:54+08:00 ] 161.35.114.17 /wp-login.php
ERR: 无法加载控制器:Wp-login

[ 2022-06-28T02:46:55+08:00 ] 161.35.114.17 /wordpress/wp-login.php
ERR: 无法加载控制器:Wordpress

[ 2022-06-28T02:46:56+08:00 ] 161.35.114.17 /blog/wp-login.php
ERR: 无法加载控制器:Blog

[ 2022-06-28T02:46:56+08:00 ] 161.35.114.17 /wp/wp-login.php
ERR: 无法加载控制器:Wp

[ 2022-06-28T03:37:07+08:00 ] 5.56.58.29 /radio.txt
ERR: 无法加载控制器:Radio

[ 2022-06-28T04:24:38+08:00 ] 185.191.171.7 /robots.txt
ERR: 无法加载控制器:Robots

[ 2022-06-28T04:55:19+08:00 ] 51.222.253.14 /robots.txt
ERR: 无法加载控制器:Robots

[ 2022-06-28T07:13:02+08:00 ] 106.11.156.12 /robots.txt
ERR: 无法加载控制器:Robots

[ 2022-06-28T07:23:28+08:00 ] 162.55.85.226 /robots.txt
ERR: 无法加载控制器:Robots

[ 2022-06-28T07:23:29+08:00 ] 162.55.85.226 /sitemap
ERR: 无法加载控制器:Sitemap

[ 2022-06-28T07:23:31+08:00 ] 162.55.85.226 /sitemap.txt
ERR: 无法加载控制器:Sitemap

[ 2022-06-28T08:00:05+08:00 ] 87.249.132.19 /index.php/Feedback/add
ERR: 1406:Data too long for column 'content' at row 1
 [ SQL语句 ] : INSERT INTO `hbv5_feedback` (`content`,`username`,`mobile`,`cate_name`,`add_time`) VALUES ('Howdy 
 
This is Mike Albertson
 
Let me show you our latest research results from our constant SEO feedbacks that we have from our plans: 
 
https://www.strictlydigital.net/product/semrush-backlinks/ 
 
The new Semrush Backlinks, which will make your hxhv5.com SEO trend have an immediate push. 
The method is actually very simple, we are building links from domains that have a high number of keywords ranking for them.  
 
Forget about the SEO metrics or any other factors that so many tools try to teach you that is good. The most valuable link is the one that comes from a website that has a healthy trend and lots of ranking keywords. 
We thought about that, so we have built this plan for you 
 
Check in detail here: 
https://www.strictlydigital.net/product/semrush-backlinks/ 
 
Cheap and effective 
 
Try it anytime soon 
 
 
Regards 
 
Mike Albertson
 
mike@strictlydigital.net','Mike Albertson','81883583687','??','1656374405')
ERR: 1406:Data too long for column 'content' at row 1
 [ SQL语句 ] : INSERT INTO `hbv5_feedback` (`content`,`username`,`mobile`,`cate_name`,`add_time`) VALUES ('Howdy 
 
This is Mike Albertson
 
Let me show you our latest research results from our constant SEO feedbacks that we have from our plans: 
 
https://www.strictlydigital.net/product/semrush-backlinks/ 
 
The new Semrush Backlinks, which will make your hxhv5.com SEO trend have an immediate push. 
The method is actually very simple, we are building links from domains that have a high number of keywords ranking for them.  
 
Forget about the SEO metrics or any other factors that so many tools try to teach you that is good. The most valuable link is the one that comes from a website that has a healthy trend and lots of ranking keywords. 
We thought about that, so we have built this plan for you 
 
Check in detail here: 
https://www.strictlydigital.net/product/semrush-backlinks/ 
 
Cheap and effective 
 
Try it anytime soon 
 
 
Regards 
 
Mike Albertson
 
mike@strictlydigital.net','Mike Albertson','81883583687','??','1656374405')

[ 2022-06-28T09:01:54+08:00 ] 40.77.167.103 /robots.txt
ERR: 无法加载控制器:Robots

[ 2022-06-28T11:17:38+08:00 ] 185.191.171.11 /robots.txt
ERR: 无法加载控制器:Robots

[ 2022-06-28T11:31:20+08:00 ] 207.241.234.62 /robots.txt
ERR: 无法加载控制器:Robots

[ 2022-06-28T13:15:15+08:00 ] 88.214.43.118 /src/environments/environment.ts
ERR: 无法加载控制器:Src

[ 2022-06-28T13:21:47+08:00 ] 51.222.253.3 /robots.txt
ERR: 无法加载控制器:Robots

[ 2022-06-28T17:18:19+08:00 ] 114.97.242.105 /index.php/module/aciton/param1/${@eval($_POST[ok])}
ERR: 无法加载控制器:Module

[ 2022-06-28T17:18:19+08:00 ] 114.97.242.105 /index.php/module/aciton/param1/${@eval($_POST[ok])}
ERR: 无法加载控制器:Module

[ 2022-06-28T17:18:19+08:00 ] 114.97.242.105 /index.php/module/aciton/param1/${@eval($_POST[ok])}
ERR: 无法加载控制器:Module

[ 2022-06-28T21:39:03+08:00 ] 104.208.64.99 /data/admin/allowurl.txt
ERR: 无法加载控制器:Data

[ 2022-06-28T21:57:16+08:00 ] 104.208.64.99 /css/album.css
ERR: 无法加载控制器:Css

[ 2022-06-28T23:50:18+08:00 ] 213.175.208.121 /wp-login.php
ERR: 无法加载控制器:Wp-login

