[ 2022-06-13T04:11:40+08:00 ] 162.55.85.226 /robots.txt
ERR: 无法加载控制器:Robots

[ 2022-06-13T04:11:41+08:00 ] 162.55.85.226 /sitemap
ERR: 无法加载控制器:Sitemap

[ 2022-06-13T04:11:57+08:00 ] 162.55.85.226 /sitemap.txt
ERR: 无法加载控制器:Sitemap

[ 2022-06-13T04:59:44+08:00 ] 194.38.20.161 /wp-admin/admin-ajax.php?action=revslider_ajax_action&client_action=update_plugin
ERR: 无法加载控制器:Wp-admin

[ 2022-06-13T07:55:54+08:00 ] 106.11.159.246 /robots.txt
ERR: 无法加载控制器:Robots

[ 2022-06-13T10:13:30+08:00 ] 103.20.63.107 /statics/js/cookie.js
ERR: 无法加载控制器:Statics

[ 2022-06-13T13:50:41+08:00 ] 188.126.94.202 /index.php/Feedback/add
ERR: 1406:Data too long for column 'content' at row 1
 [ SQL语句 ] : INSERT INTO `hbv5_feedback` (`content`,`username`,`mobile`,`cate_name`,`add_time`) VALUES ('Hello, 
 
If you are based in the United States of America, Meiwa Corporation Co, Ltd urgently needs you to serve as her Spokesperson/Financial Coordinator for its clients in the United States. It\'s a part-time job with a good pay and will only take a few minutes of your time daily, and it will not bring any conflict of interest in case you are working with another company. If interested, contact email: info@meiwacorporations.com 
 
 
Best Regards 
Zuki Chang 
Meiwa Corporation co.Ltd. 
3-chome, Chiyoda-ku, 
Tokyo 100-8311, Japan','Zuki Chang','83517139159','??','1655099441')
ERR: 1406:Data too long for column 'content' at row 1
 [ SQL语句 ] : INSERT INTO `hbv5_feedback` (`content`,`username`,`mobile`,`cate_name`,`add_time`) VALUES ('Hello, 
 
If you are based in the United States of America, Meiwa Corporation Co, Ltd urgently needs you to serve as her Spokesperson/Financial Coordinator for its clients in the United States. It\'s a part-time job with a good pay and will only take a few minutes of your time daily, and it will not bring any conflict of interest in case you are working with another company. If interested, contact email: info@meiwacorporations.com 
 
 
Best Regards 
Zuki Chang 
Meiwa Corporation co.Ltd. 
3-chome, Chiyoda-ku, 
Tokyo 100-8311, Japan','Zuki Chang','83517139159','??','1655099441')

[ 2022-06-13T18:13:22+08:00 ] 66.249.68.51 /robots.txt
ERR: 无法加载控制器:Robots

[ 2022-06-13T19:15:47+08:00 ] 207.32.139.184 /robots.txt
ERR: 无法加载控制器:Robots

