[ 2022-06-11T00:24:14+08:00 ] 162.55.85.226 /robots.txt
ERR: 无法加载控制器:Robots

[ 2022-06-11T00:24:16+08:00 ] 162.55.85.226 /sitemap
ERR: 无法加载控制器:Sitemap

[ 2022-06-11T00:24:19+08:00 ] 162.55.85.226 /sitemap.txt
ERR: 无法加载控制器:Sitemap

[ 2022-06-11T02:58:21+08:00 ] 67.211.212.202 /wp-login.php
ERR: 无法加载控制器:Wp-login

[ 2022-06-11T03:48:55+08:00 ] 220.181.51.85 /robots.txt
ERR: 无法加载控制器:Robots

[ 2022-06-11T03:48:55+08:00 ] 116.179.33.144 /robots.txt
ERR: 无法加载控制器:Robots

[ 2022-06-11T03:48:55+08:00 ] 220.181.51.116 /robots.txt
ERR: 无法加载控制器:Robots

[ 2022-06-11T03:48:55+08:00 ] 116.179.33.16 /robots.txt
ERR: 无法加载控制器:Robots

[ 2022-06-11T07:28:09+08:00 ] 46.138.84.215 /index.php/Feedback/add
ERR: 1406:Data too long for column 'content' at row 1
 [ SQL语句 ] : INSERT INTO `hbv5_feedback` (`content`,`username`,`mobile`,`cate_name`,`add_time`) VALUES ('Good day! 
 
We offer sending newsletters of Your messages via follow-up forms to the sites of firms via all countries and domain zones of the world.  
 
https://contact-forms.su/ 
 
WHAT IS THE MAILING OF SITES BY FEEDBACK FORMS? 
This is a type of mailing using the contact forms that are located in the feedback section of the website and filled by our robot in automatic mode with a rate of a few thousand contact forms per 1 minute, while the alphanumeric code from the pictures (CAPTCHA) is also solved. 
After that, the correspondent e-mails including your commercial offers are sent to the emails of organisations. 
When sending mailing by contact feedback forms, it turns out that each website sends a letter “to itself” and, therefore, all messages arrive in the inbox of the exact e-mail in which the firm is ready to receive the correspondent emails. 
 
UTP: 
Fast one hundred % notification of firms and website owners about new commercial offers. 
Search of new customers that other types of advertisements cannot find. 
 
AIM: 
Finding customers that cannot be found through other advertisements. 
 
Benefits: 
1.one hundred percent delivery of cooperation messages. 
2.Increase of the client database. 
3. Increase of the your market share. 
4.Mailings based on topics and regionality. 
5. Sending e-mails to company officials. 
6. Conducting tenders and studying demand. 
7. Conducting marketing campaigns. 
8. Conducting surveys and studying public opinion. 
9. Fast notofication. 
10. Cost. 
11. Entering the international markets. 
 
Undeniable advantages: 
 
1.When sending mailing by feedback forms, all messages arrive in the inbox. When sending bulk e-mails, this can reach up to five percent. 
 
2.When sending mailing by contact forms it is possible to send a few million letters per 24 hours to inbox folders. When sending bulk e-mails a few thousands arrive in the inboxes, all the rest often either do not reach or arrive in the junk. 
 
3. When sending mailing by contact forms a message does not get blocked by mail services because it is sent from different sites. When sending bulk e-mails it is possible to send a few thousands of those but nevertheless all the IP addresses from which the mailing is done will be blocked. 
 
4. When sending mailing by feedback forms the very little amount of macros is used to form text and headings of the letter. When sending bulk e-mails, it is necessary to use «macros» (synonyms) for each phrase and create ten thousand various headings. 
 
5. A lot of businesses deliberatelly hide their e-mail address and only leave a contact form for contacting with them. 
 
6. When sending e-mail newsletters, your cooperation offer is delivered to every employee of the company, (which causes discontent) compared to mailing by contact forms where the information is received at the email specifically set up for commercial offers. 
 
7.Fifty % of corporate e-mails are located on free e-mail servers, they are not very &quot;searchable&quot; by mailbox, but when sending mailing by contact forms through these mail servers, all e-mails are one hundred percent delivered to the recipients. 
 
8. Only 30%-40% of organisations get into the directories within two-three years, and all the rest are already placed in our WHOIS databases and are waiting for your cooperation  offers. 
Thus that mailboxes of firms from directories are spammed, and therefore they will not have such result as when sending mailing by feedback forms using our the newest VOIS databases. 
 
9. Any kind of stop words in the headings or body of the letter can be sent through forms. When sending bulk e-mails, such letters either are not delivered the recipient or arrive in spam. 
The list of stop words of mails includes almost all words and phrases that encourage your potential customers to take actions. 
 
Application: 
 
1. Searching for new clients. 
2. Quick notification of marketplaces about new business offers. 
3. Informing directors. 
4.demand analysis. 
5. Conducting tenders. 
6.Conducting marketing campaigns. 
7.Conducting surveys and studying public opinion. 
8. Searching for clients internationally. 
 
Reasons for purchasing this service: 
 
1. 100% delivery of your messages and business offers to millions of organisations all over the globe. 
Every internet resource sends a e-mail to itself so all filters of mails are bypassed. 
 
2.Mailing by contact forms is an great way in for conducting various marketing researches, studies and surveys of  public opinion on differentdirection and type of activity. 
When sending mailing by contact forms, you will definitely know that your letter has been delivered to one hundred percent of consumers of your service and product and if a product or service is &quot;badly promoted&quot;, then the potential issue lies in in something else, for example in price. 
At the same time, within 1 week you will see real demand for your own products and services, you will not have to spend money on renting an office and other more expensive and time-consuming marketing events. 
 
3.Mailing by contact forms is the quickest and the most economical way to get your service or product to the markets of other states. 
 
4. Mailing by contact forms is a tool for conducting all sorts of tenders. 
 
5.Weekly update of the database, as more than 150,000 new sites, appear all over the globe every day, and you, get new potential clients. 
 
6. Full geographical scope for all countries of the world. 
 
7. We offer clients that are not available through other advertisement. 
When sending mailing by feedback forms, you will be able to reach out that part of your potential customers, that are impossible to find automatically in another way. 
For instance, you will be able to send a commercial offer to those potential clients that were earlier unavailable due to e-mail filters while sending bulk e-mails. 
In the markets, there is a paradoxical situation: organisations that got into the directories are actually spammed with all sorts of commercial offers while very little or no e-mails are sent to the remaining ones. 
 
8. Unique technology of decoding the captcha. 
There are special services for decoding alphanumeric code (captcha/CAPTCHA). It costs 1 dollar to solve thousand captchas. 
Therefore, processing a million sites the robot solves 1 million captchas, which costs thousand $ only to unravel captcha/CAPTCHA, and with our service this is free of charge for you! 
 
9. By ordering mailing by feedback forms, you are promoting your product or service not to separate individuals, but to entire organisations, for example domain zone .com, where more than 150 million commercial  firms from all countries of the world are collected (we have got samples of them from international zones for every country). 
 
10. Mailing by contact forms is also a subtype of SMS mailing 
E-mail address that is linked to the contact form is the main electronic address of organisations through which orders and cooperation offers are sent. This e-mail is also set up for phones as it is necessary to respond to the messages fast so as not to misplace the order or the relevance of the cooperation offer. 
 
11. The base of countries also includes all joint companies from all countries working with or closely related to this country, for example, diasporas and national communities. 
Ban, sanctions of mail systems and search engines? 
These mailings are an alternative to sending mass e-mails, therefore search sanctions and &quot;Ban&quot; do not apply to them. 
Mail service delivers the data of messages to the inbox folder, as it bypasses through the &quot;warm e-mail channel&quot; from the new IP address of the site to the corporate e-mail of the same site. 
In simple language, these mailings &quot;live in e-mails&quot; and filters of mail systems do not react to them, because mails have trust in communication channels between websites and corporate e-mails. 
 
OUR DATABASES: 
 
You can buy our databases separately from the mailing by sending us a request by feedback form. 
 
MORE THAN 2000 VOIS DATABASES BY DOMAINS AND COUNTRIES OF THE WHOLE WORLD. 
 
COLLECTIONS OF DATABASES BY THE MAIN CONTINENTS OF THE WORLD. 
 
COLLECTIONS OF DATABASES BY THE MAIN LANGUAGES. 
 
COLLECTIONS OF DATABASES BY THE MAIN CMS. 
 
COLLECTIONS OF DATABASES BY THE MAIN COUNTRIES OF THE WORLD. 
 
HOW TO MAKE AN PROMOTIONAL OFFER FOR MAILING BY CONTACT FORMS: 
The simplest text of the message + a few headings, the main goal is to interest the potential client, and they will read the rest on your website. 
Most likely, all ads on your subject are already on the Internet networks, enter the necessary requests into the search bar and choose the most suitable ones. 
The headings are substituted one after another from text file. 
Only messages in the text form are sent, links are inserted without problems, they are active. If the customer needs pictures or more detailed information, then you should forward the future customer to visit your internet resource. 
 
In the letter: 
Text without pictures, since pictures do not pass through the contact form. 
Your contact details: 
Internet resource address: 
 
Fields to fill in: 
Name: 
Country: 
City: 
Internet resource: 
Several headings: 
Mailbox for automatic responces: 
 
website: https://contact-forms.su/ 
Price List: https://contact-forms.su/price/','contactlrioal','89425916838','??','1654903689')
ERR: 1406:Data too long for column 'content' at row 1
 [ SQL语句 ] : INSERT INTO `hbv5_feedback` (`content`,`username`,`mobile`,`cate_name`,`add_time`) VALUES ('Good day! 
 
We offer sending newsletters of Your messages via follow-up forms to the sites of firms via all countries and domain zones of the world.  
 
https://contact-forms.su/ 
 
WHAT IS THE MAILING OF SITES BY FEEDBACK FORMS? 
This is a type of mailing using the contact forms that are located in the feedback section of the website and filled by our robot in automatic mode with a rate of a few thousand contact forms per 1 minute, while the alphanumeric code from the pictures (CAPTCHA) is also solved. 
After that, the correspondent e-mails including your commercial offers are sent to the emails of organisations. 
When sending mailing by contact feedback forms, it turns out that each website sends a letter “to itself” and, therefore, all messages arrive in the inbox of the exact e-mail in which the firm is ready to receive the correspondent emails. 
 
UTP: 
Fast one hundred % notification of firms and website owners about new commercial offers. 
Search of new customers that other types of advertisements cannot find. 
 
AIM: 
Finding customers that cannot be found through other advertisements. 
 
Benefits: 
1.one hundred percent delivery of cooperation messages. 
2.Increase of the client database. 
3. Increase of the your market share. 
4.Mailings based on topics and regionality. 
5. Sending e-mails to company officials. 
6. Conducting tenders and studying demand. 
7. Conducting marketing campaigns. 
8. Conducting surveys and studying public opinion. 
9. Fast notofication. 
10. Cost. 
11. Entering the international markets. 
 
Undeniable advantages: 
 
1.When sending mailing by feedback forms, all messages arrive in the inbox. When sending bulk e-mails, this can reach up to five percent. 
 
2.When sending mailing by contact forms it is possible to send a few million letters per 24 hours to inbox folders. When sending bulk e-mails a few thousands arrive in the inboxes, all the rest often either do not reach or arrive in the junk. 
 
3. When sending mailing by contact forms a message does not get blocked by mail services because it is sent from different sites. When sending bulk e-mails it is possible to send a few thousands of those but nevertheless all the IP addresses from which the mailing is done will be blocked. 
 
4. When sending mailing by feedback forms the very little amount of macros is used to form text and headings of the letter. When sending bulk e-mails, it is necessary to use «macros» (synonyms) for each phrase and create ten thousand various headings. 
 
5. A lot of businesses deliberatelly hide their e-mail address and only leave a contact form for contacting with them. 
 
6. When sending e-mail newsletters, your cooperation offer is delivered to every employee of the company, (which causes discontent) compared to mailing by contact forms where the information is received at the email specifically set up for commercial offers. 
 
7.Fifty % of corporate e-mails are located on free e-mail servers, they are not very &quot;searchable&quot; by mailbox, but when sending mailing by contact forms through these mail servers, all e-mails are one hundred percent delivered to the recipients. 
 
8. Only 30%-40% of organisations get into the directories within two-three years, and all the rest are already placed in our WHOIS databases and are waiting for your cooperation  offers. 
Thus that mailboxes of firms from directories are spammed, and therefore they will not have such result as when sending mailing by feedback forms using our the newest VOIS databases. 
 
9. Any kind of stop words in the headings or body of the letter can be sent through forms. When sending bulk e-mails, such letters either are not delivered the recipient or arrive in spam. 
The list of stop words of mails includes almost all words and phrases that encourage your potential customers to take actions. 
 
Application: 
 
1. Searching for new clients. 
2. Quick notification of marketplaces about new business offers. 
3. Informing directors. 
4.demand analysis. 
5. Conducting tenders. 
6.Conducting marketing campaigns. 
7.Conducting surveys and studying public opinion. 
8. Searching for clients internationally. 
 
Reasons for purchasing this service: 
 
1. 100% delivery of your messages and business offers to millions of organisations all over the globe. 
Every internet resource sends a e-mail to itself so all filters of mails are bypassed. 
 
2.Mailing by contact forms is an great way in for conducting various marketing researches, studies and surveys of  public opinion on differentdirection and type of activity. 
When sending mailing by contact forms, you will definitely know that your letter has been delivered to one hundred percent of consumers of your service and product and if a product or service is &quot;badly promoted&quot;, then the potential issue lies in in something else, for example in price. 
At the same time, within 1 week you will see real demand for your own products and services, you will not have to spend money on renting an office and other more expensive and time-consuming marketing events. 
 
3.Mailing by contact forms is the quickest and the most economical way to get your service or product to the markets of other states. 
 
4. Mailing by contact forms is a tool for conducting all sorts of tenders. 
 
5.Weekly update of the database, as more than 150,000 new sites, appear all over the globe every day, and you, get new potential clients. 
 
6. Full geographical scope for all countries of the world. 
 
7. We offer clients that are not available through other advertisement. 
When sending mailing by feedback forms, you will be able to reach out that part of your potential customers, that are impossible to find automatically in another way. 
For instance, you will be able to send a commercial offer to those potential clients that were earlier unavailable due to e-mail filters while sending bulk e-mails. 
In the markets, there is a paradoxical situation: organisations that got into the directories are actually spammed with all sorts of commercial offers while very little or no e-mails are sent to the remaining ones. 
 
8. Unique technology of decoding the captcha. 
There are special services for decoding alphanumeric code (captcha/CAPTCHA). It costs 1 dollar to solve thousand captchas. 
Therefore, processing a million sites the robot solves 1 million captchas, which costs thousand $ only to unravel captcha/CAPTCHA, and with our service this is free of charge for you! 
 
9. By ordering mailing by feedback forms, you are promoting your product or service not to separate individuals, but to entire organisations, for example domain zone .com, where more than 150 million commercial  firms from all countries of the world are collected (we have got samples of them from international zones for every country). 
 
10. Mailing by contact forms is also a subtype of SMS mailing 
E-mail address that is linked to the contact form is the main electronic address of organisations through which orders and cooperation offers are sent. This e-mail is also set up for phones as it is necessary to respond to the messages fast so as not to misplace the order or the relevance of the cooperation offer. 
 
11. The base of countries also includes all joint companies from all countries working with or closely related to this country, for example, diasporas and national communities. 
Ban, sanctions of mail systems and search engines? 
These mailings are an alternative to sending mass e-mails, therefore search sanctions and &quot;Ban&quot; do not apply to them. 
Mail service delivers the data of messages to the inbox folder, as it bypasses through the &quot;warm e-mail channel&quot; from the new IP address of the site to the corporate e-mail of the same site. 
In simple language, these mailings &quot;live in e-mails&quot; and filters of mail systems do not react to them, because mails have trust in communication channels between websites and corporate e-mails. 
 
OUR DATABASES: 
 
You can buy our databases separately from the mailing by sending us a request by feedback form. 
 
MORE THAN 2000 VOIS DATABASES BY DOMAINS AND COUNTRIES OF THE WHOLE WORLD. 
 
COLLECTIONS OF DATABASES BY THE MAIN CONTINENTS OF THE WORLD. 
 
COLLECTIONS OF DATABASES BY THE MAIN LANGUAGES. 
 
COLLECTIONS OF DATABASES BY THE MAIN CMS. 
 
COLLECTIONS OF DATABASES BY THE MAIN COUNTRIES OF THE WORLD. 
 
HOW TO MAKE AN PROMOTIONAL OFFER FOR MAILING BY CONTACT FORMS: 
The simplest text of the message + a few headings, the main goal is to interest the potential client, and they will read the rest on your website. 
Most likely, all ads on your subject are already on the Internet networks, enter the necessary requests into the search bar and choose the most suitable ones. 
The headings are substituted one after another from text file. 
Only messages in the text form are sent, links are inserted without problems, they are active. If the customer needs pictures or more detailed information, then you should forward the future customer to visit your internet resource. 
 
In the letter: 
Text without pictures, since pictures do not pass through the contact form. 
Your contact details: 
Internet resource address: 
 
Fields to fill in: 
Name: 
Country: 
City: 
Internet resource: 
Several headings: 
Mailbox for automatic responces: 
 
website: https://contact-forms.su/ 
Price List: https://contact-forms.su/price/','contactlrioal','89425916838','??','1654903689')

[ 2022-06-11T08:23:08+08:00 ] 51.222.253.8 /robots.txt
ERR: 无法加载控制器:Robots

[ 2022-06-11T13:49:26+08:00 ] 222.186.42.209 /data/admin/allowurl.txt
ERR: 无法加载控制器:Data

[ 2022-06-11T15:46:04+08:00 ] 162.55.85.226 /robots.txt
ERR: 无法加载控制器:Robots

[ 2022-06-11T15:46:05+08:00 ] 162.55.85.226 /sitemap
ERR: 无法加载控制器:Sitemap

[ 2022-06-11T15:46:10+08:00 ] 162.55.85.226 /sitemap.txt
ERR: 无法加载控制器:Sitemap

[ 2022-06-11T16:08:39+08:00 ] 180.101.45.23 /e/data/js/ajax.js
ERR: 无法加载控制器:E

[ 2022-06-11T17:17:38+08:00 ] 194.38.20.161 /uploadify/uploadify.css
ERR: 无法加载控制器:Uploadify

[ 2022-06-11T18:59:09+08:00 ] 220.181.51.120 /robots.txt
ERR: 无法加载控制器:Robots

[ 2022-06-11T18:59:09+08:00 ] 220.181.51.90 /robots.txt
ERR: 无法加载控制器:Robots

[ 2022-06-11T19:08:04+08:00 ] 180.101.45.23 /e/data/js/ajax.js
ERR: 无法加载控制器:E

[ 2022-06-11T19:20:22+08:00 ] 52.142.194.115 /wp-includes/wlwmanifest.xml
ERR: 无法加载控制器:Wp-includes

[ 2022-06-11T19:20:23+08:00 ] 52.142.194.115 /xmlrpc.php?rsd
ERR: 无法加载控制器:Xmlrpc

[ 2022-06-11T19:20:23+08:00 ] 52.142.194.115 /blog/wp-includes/wlwmanifest.xml
ERR: 无法加载控制器:Blog

[ 2022-06-11T19:20:23+08:00 ] 52.142.194.115 /web/wp-includes/wlwmanifest.xml
ERR: 无法加载控制器:Web

[ 2022-06-11T19:20:24+08:00 ] 52.142.194.115 /wordpress/wp-includes/wlwmanifest.xml
ERR: 无法加载控制器:Wordpress

[ 2022-06-11T19:20:24+08:00 ] 52.142.194.115 /website/wp-includes/wlwmanifest.xml
ERR: 无法加载控制器:Website

[ 2022-06-11T19:20:24+08:00 ] 52.142.194.115 /wp/wp-includes/wlwmanifest.xml
ERR: 无法加载控制器:Wp

[ 2022-06-11T19:20:24+08:00 ] 52.142.194.115 /news/wp-includes/wlwmanifest.xml
ERR: 非法操作:wp-includes

[ 2022-06-11T19:20:25+08:00 ] 52.142.194.115 /2020/wp-includes/wlwmanifest.xml
ERR: 无法加载控制器:2020

[ 2022-06-11T19:20:25+08:00 ] 52.142.194.115 /2019/wp-includes/wlwmanifest.xml
ERR: 无法加载控制器:2019

[ 2022-06-11T19:20:25+08:00 ] 52.142.194.115 /shop/wp-includes/wlwmanifest.xml
ERR: 无法加载控制器:Shop

[ 2022-06-11T19:20:25+08:00 ] 52.142.194.115 /wp1/wp-includes/wlwmanifest.xml
ERR: 无法加载控制器:Wp1

[ 2022-06-11T19:20:26+08:00 ] 52.142.194.115 /test/wp-includes/wlwmanifest.xml
ERR: 无法加载控制器:Test

[ 2022-06-11T19:20:26+08:00 ] 52.142.194.115 /wp2/wp-includes/wlwmanifest.xml
ERR: 无法加载控制器:Wp2

[ 2022-06-11T19:20:26+08:00 ] 52.142.194.115 /site/wp-includes/wlwmanifest.xml
ERR: 无法加载控制器:Site

[ 2022-06-11T19:20:26+08:00 ] 52.142.194.115 /cms/wp-includes/wlwmanifest.xml
ERR: 无法加载控制器:Cms

[ 2022-06-11T19:20:27+08:00 ] 52.142.194.115 /sito/wp-includes/wlwmanifest.xml
ERR: 无法加载控制器:Sito

