[ 2022-07-05T00:57:38+08:00 ] 195.78.54.23 /index.php/Feedback/add
ERR: 1406:Data too long for column 'content' at row 1
 [ SQL语句 ] : INSERT INTO `hbv5_feedback` (`content`,`username`,`mobile`,`cate_name`,`add_time`) VALUES ('Hey! 
 
Do you want to increase sales for your business 24/7? 
 
If so, you have to grab people’s attention quickly. And there’s nothing like a catchy explainer video to do the trick! 
 
I have an exclusive offer available for the first 20 people that act on this message today, but you must act fast. 
 
While you would normally pay as much as $600, or probably even $1,000, for a 60-second video like this, I am providing the same service for only $97. 
 
Don’t be fooled by the price, we create high-quality videos, and you can see samples or order now at: https://bit.ly/explainer-animation-promo 
 
Not sure if you caught it, but this offer is only good this week, for the first 20 clients, so you need to order now, before you miss out. 
 
Again, this $97 promotion is for a 60-second explainer video and is for this week only. Don’t miss out!!! 
 
Click Here Now To Watch The Animated Video That We Created To Explain It All 
---&gt; https://bit.ly/explainer-animation-promo 
 
Cheers, 
Mason Jones 
Explainer Animation Studio','Mason Jones','83225131259','??','1656953858')
ERR: 1406:Data too long for column 'content' at row 1
 [ SQL语句 ] : INSERT INTO `hbv5_feedback` (`content`,`username`,`mobile`,`cate_name`,`add_time`) VALUES ('Hey! 
 
Do you want to increase sales for your business 24/7? 
 
If so, you have to grab people’s attention quickly. And there’s nothing like a catchy explainer video to do the trick! 
 
I have an exclusive offer available for the first 20 people that act on this message today, but you must act fast. 
 
While you would normally pay as much as $600, or probably even $1,000, for a 60-second video like this, I am providing the same service for only $97. 
 
Don’t be fooled by the price, we create high-quality videos, and you can see samples or order now at: https://bit.ly/explainer-animation-promo 
 
Not sure if you caught it, but this offer is only good this week, for the first 20 clients, so you need to order now, before you miss out. 
 
Again, this $97 promotion is for a 60-second explainer video and is for this week only. Don’t miss out!!! 
 
Click Here Now To Watch The Animated Video That We Created To Explain It All 
---&gt; https://bit.ly/explainer-animation-promo 
 
Cheers, 
Mason Jones 
Explainer Animation Studio','Mason Jones','83225131259','??','1656953858')

[ 2022-07-05T04:13:01+08:00 ] 54.36.148.247 /robots.txt
ERR: 无法加载控制器:Robots

[ 2022-07-05T06:46:35+08:00 ] 185.191.171.18 /robots.txt
ERR: 无法加载控制器:Robots

[ 2022-07-05T09:53:48+08:00 ] 149.56.150.8 /robots.txt
ERR: 无法加载控制器:Robots

[ 2022-07-05T09:53:48+08:00 ] 149.56.150.8 /sitemap.xml
ERR: 无法加载控制器:Sitemap

[ 2022-07-05T09:54:01+08:00 ] 149.56.150.8 /ads.txt
ERR: 无法加载控制器:Ads

[ 2022-07-05T11:26:09+08:00 ] 54.36.149.12 /robots.txt
ERR: 无法加载控制器:Robots

[ 2022-07-05T13:11:26+08:00 ] 107.167.39.210 /data/admin/allowurl.txt
ERR: 无法加载控制器:Data

[ 2022-07-05T15:46:23+08:00 ] 40.77.167.103 /robots.txt
ERR: 无法加载控制器:Robots

[ 2022-07-05T17:50:32+08:00 ] 88.214.43.118 /environments/.aws/.credentials
ERR: 无法加载控制器:Environments

[ 2022-07-05T18:08:43+08:00 ] 66.249.77.147 /robots.txt
ERR: 无法加载控制器:Robots

[ 2022-07-05T18:45:21+08:00 ] 162.55.85.226 /robots.txt
ERR: 无法加载控制器:Robots

[ 2022-07-05T18:45:22+08:00 ] 162.55.85.226 /sitemap
ERR: 无法加载控制器:Sitemap

[ 2022-07-05T18:45:25+08:00 ] 162.55.85.226 /sitemap.txt
ERR: 无法加载控制器:Sitemap

