[ 2022-12-11T03:22:36+08:00 ] 51.159.36.139 /wp-admin/
ERR: 无法加载控制器:Wp-admin

[ 2022-12-11T03:35:59+08:00 ] 80.241.222.228 /wp-login.php
ERR: 无法加载控制器:Wp-login

[ 2022-12-11T09:26:35+08:00 ] 74.84.150.150 /robots.txt
ERR: 无法加载控制器:Robots

[ 2022-12-11T10:10:31+08:00 ] 54.36.148.232 /robots.txt
ERR: 无法加载控制器:Robots

[ 2022-12-11T10:46:31+08:00 ] 103.68.62.69 /WebUser/index.php/login/index.html
ERR: 无法加载控制器:WebUser

[ 2022-12-11T10:58:52+08:00 ] 195.191.219.133 /robots.txt
ERR: 无法加载控制器:Robots

[ 2022-12-11T11:01:01+08:00 ] 51.159.37.178 /wp-content/languages/
ERR: 无法加载控制器:Wp-content

[ 2022-12-11T11:28:44+08:00 ] 172.102.199.62 /index.php/Feedback/add
ERR: 1406:Data too long for column 'content' at row 1
 [ SQL语句 ] : INSERT INTO `hbv5_feedback` (`content`,`username`,`mobile`,`cate_name`,`add_time`) VALUES ('TO RENEW hxhv5.com (Expires on 2022-12-11): 
https://webstationdomain.com/hxhv5.com/a/1670729320/v0 

This alert is to bring to your attention that your invoice number 1855714175 is OVERDUE. hxhv5.com expired on 2022-12-11* is SUSPENDED. Please send payment ASAP to avoid any TERMINATION of service to hxhv5.com. 

Please note that if no payment is made in the next 3 business days, your data will be purged and deleted. 

TO RENEW hxhv5.com: 
https://webstationdomain.com/hxhv5.com/a/1670729320/v0 

Disclaimer notice: We can not be held legally accountable for any claims, damages or losses that you may incur due to the suspension of hxhv5.com. Any such damages may potentially include but are not solely limited to: monetary losses, lost files without backups, loss of position in search rankings, lost appointments, undeliverable email and any other service, business or technical damages that you might suffer. For more information please look up section 22.c.1.e of our TOS. 

This is the final notice that we are legally required to send out in regards to the expiration of hxhv5.com. 

SECURE ONLINE RENEWAL: 
https://webstationdomain.com/hxhv5.com/a/1670729320/v0

All web services will be restored automatically on hxhv5.com upon confirmation of payment. We thank you for your cooperation and continued business.','WebStation Domain','318-573-6662','留言','1670729324')
ERR: 1406:Data too long for column 'content' at row 1
 [ SQL语句 ] : INSERT INTO `hbv5_feedback` (`content`,`username`,`mobile`,`cate_name`,`add_time`) VALUES ('TO RENEW hxhv5.com (Expires on 2022-12-11): 
https://webstationdomain.com/hxhv5.com/a/1670729320/v0 

This alert is to bring to your attention that your invoice number 1855714175 is OVERDUE. hxhv5.com expired on 2022-12-11* is SUSPENDED. Please send payment ASAP to avoid any TERMINATION of service to hxhv5.com. 

Please note that if no payment is made in the next 3 business days, your data will be purged and deleted. 

TO RENEW hxhv5.com: 
https://webstationdomain.com/hxhv5.com/a/1670729320/v0 

Disclaimer notice: We can not be held legally accountable for any claims, damages or losses that you may incur due to the suspension of hxhv5.com. Any such damages may potentially include but are not solely limited to: monetary losses, lost files without backups, loss of position in search rankings, lost appointments, undeliverable email and any other service, business or technical damages that you might suffer. For more information please look up section 22.c.1.e of our TOS. 

This is the final notice that we are legally required to send out in regards to the expiration of hxhv5.com. 

SECURE ONLINE RENEWAL: 
https://webstationdomain.com/hxhv5.com/a/1670729320/v0

All web services will be restored automatically on hxhv5.com upon confirmation of payment. We thank you for your cooperation and continued business.','WebStation Domain','318-573-6662','留言','1670729324')

[ 2022-12-11T12:53:36+08:00 ] 51.222.253.16 /robots.txt
ERR: 无法加载控制器:Robots

[ 2022-12-11T14:36:02+08:00 ] 192.71.38.71 /robots.txt
ERR: 无法加载控制器:Robots

[ 2022-12-11T14:36:03+08:00 ] 192.36.70.176 /humans.txt
ERR: 无法加载控制器:Humans

[ 2022-12-11T14:36:03+08:00 ] 192.36.53.165 /ads.txt
ERR: 无法加载控制器:Ads

[ 2022-12-11T15:17:17+08:00 ] 194.38.20.161 /elfinder/src/connectors/php/connector.php
ERR: 无法加载控制器:Elfinder

[ 2022-12-11T15:19:04+08:00 ] 139.59.44.48 /radio.txt
ERR: 无法加载控制器:Radio

[ 2022-12-11T22:12:31+08:00 ] 51.222.253.10 /robots.txt
ERR: 无法加载控制器:Robots

